2020-08-03 01:08:09.6122 INFO Inicio de sesion exitoso: 101110111, U7SCPv3qMNIdMuQ3oRhsIgoa8/FW0jrRF8gzmfvdFojvwWeJgBorX9Fq9q0GqQJVHR25U9eYwl60sVglgTAxzg==
2020-08-03 01:09:37.4366 INFO Inicio de sesion exitoso: 101110111, U7SCPv3qMNIdMuQ3oRhsIgoa8/FW0jrRF8gzmfvdFojvwWeJgBorX9Fq9q0GqQJVHR25U9eYwl60sVglgTAxzg==
2020-08-03 01:12:16.8702 INFO Inicio de sesion exitoso: 101110111, U7SCPv3qMNIdMuQ3oRhsIgoa8/FW0jrRF8gzmfvdFojvwWeJgBorX9Fq9q0GqQJVHR25U9eYwl60sVglgTAxzg==
2020-08-03 01:13:16.7758 INFO Inicio de sesion exitoso: 101110111, U7SCPv3qMNIdMuQ3oRhsIgoa8/FW0jrRF8gzmfvdFojvwWeJgBorX9Fq9q0GqQJVHR25U9eYwl60sVglgTAxzg==
2020-08-03 01:19:15.8913 INFO Inicio de sesion exitoso: 101110111, U7SCPv3qMNIdMuQ3oRhsIgoa8/FW0jrRF8gzmfvdFojvwWeJgBorX9Fq9q0GqQJVHR25U9eYwl60sVglgTAxzg==
2020-08-03 01:20:00.0721 INFO Inicio de sesion exitoso: 101110111, U7SCPv3qMNIdMuQ3oRhsIgoa8/FW0jrRF8gzmfvdFojvwWeJgBorX9Fq9q0GqQJVHR25U9eYwl60sVglgTAxzg==
2020-08-03 01:20:48.4703 INFO Inicio de sesion exitoso: 101110111, U7SCPv3qMNIdMuQ3oRhsIgoa8/FW0jrRF8gzmfvdFojvwWeJgBorX9Fq9q0GqQJVHR25U9eYwl60sVglgTAxzg==
2020-08-03 01:21:01.8138 INFO Inicio de sesion exitoso: 101110111, U7SCPv3qMNIdMuQ3oRhsIgoa8/FW0jrRF8gzmfvdFojvwWeJgBorX9Fq9q0GqQJVHR25U9eYwl60sVglgTAxzg==
2020-08-03 01:23:33.4377 INFO Usuario administrador abrio conexion con la base de datos
2020-08-03 01:23:33.4846 INFO Usuario administrador cerro conexion con la base de datos
2020-08-03 01:23:45.1268 INFO Usuario administrador abrio conexion con la base de datos
2020-08-03 01:23:45.1587 INFO Usuario administrador cerro conexion con la base de datos
2020-08-03 01:23:58.4937 INFO Usuario administrador abrio conexion con la base de datos
2020-08-03 01:23:58.5256 INFO Usuario administrador cerro conexion con la base de datos
2020-08-03 17:33:40.1376 INFO Inicio de sesion exitoso: 101110111, U7SCPv3qMNIdMuQ3oRhsIgoa8/FW0jrRF8gzmfvdFojvwWeJgBorX9Fq9q0GqQJVHR25U9eYwl60sVglgTAxzg==
2020-08-03 17:34:43.2983 INFO Inicio de sesion exitoso: 101110111, U7SCPv3qMNIdMuQ3oRhsIgoa8/FW0jrRF8gzmfvdFojvwWeJgBorX9Fq9q0GqQJVHR25U9eYwl60sVglgTAxzg==
2020-08-03 17:39:59.4078 INFO Inicio de sesion exitoso: 101110111, U7SCPv3qMNIdMuQ3oRhsIgoa8/FW0jrRF8gzmfvdFojvwWeJgBorX9Fq9q0GqQJVHR25U9eYwl60sVglgTAxzg==
2020-08-03 19:28:29.5677 INFO Inicio de sesion exitoso: 101110111, U7SCPv3qMNIdMuQ3oRhsIgoa8/FW0jrRF8gzmfvdFojvwWeJgBorX9Fq9q0GqQJVHR25U9eYwl60sVglgTAxzg==
2020-08-03 19:30:24.8271 INFO Inicio de sesion exitoso: 101110111, U7SCPv3qMNIdMuQ3oRhsIgoa8/FW0jrRF8gzmfvdFojvwWeJgBorX9Fq9q0GqQJVHR25U9eYwl60sVglgTAxzg==
2020-08-03 19:33:45.8152 INFO Inicio de sesion exitoso: 101110111, U7SCPv3qMNIdMuQ3oRhsIgoa8/FW0jrRF8gzmfvdFojvwWeJgBorX9Fq9q0GqQJVHR25U9eYwl60sVglgTAxzg==
2020-08-03 19:38:33.9693 INFO Inicio de sesion exitoso: 101110111, U7SCPv3qMNIdMuQ3oRhsIgoa8/FW0jrRF8gzmfvdFojvwWeJgBorX9Fq9q0GqQJVHR25U9eYwl60sVglgTAxzg==
2020-08-03 19:41:03.0189 INFO Inicio de sesion exitoso: 101110111, U7SCPv3qMNIdMuQ3oRhsIgoa8/FW0jrRF8gzmfvdFojvwWeJgBorX9Fq9q0GqQJVHR25U9eYwl60sVglgTAxzg==
2020-08-03 19:41:12.7360 INFO Usuario administrador abrio conexion con la base de datos
2020-08-03 19:41:12.7599 INFO Usuario administrador cerro conexion con la base de datos
2020-08-03 19:43:03.7034 INFO Inicio de sesion exitoso: 101110111, U7SCPv3qMNIdMuQ3oRhsIgoa8/FW0jrRF8gzmfvdFojvwWeJgBorX9Fq9q0GqQJVHR25U9eYwl60sVglgTAxzg==
2020-08-03 19:44:47.1325 INFO Inicio de sesion exitoso: 101110111, U7SCPv3qMNIdMuQ3oRhsIgoa8/FW0jrRF8gzmfvdFojvwWeJgBorX9Fq9q0GqQJVHR25U9eYwl60sVglgTAxzg==
2020-08-03 19:48:38.0346 INFO Inicio de sesion exitoso: 101110111, U7SCPv3qMNIdMuQ3oRhsIgoa8/FW0jrRF8gzmfvdFojvwWeJgBorX9Fq9q0GqQJVHR25U9eYwl60sVglgTAxzg==
2020-08-03 19:56:03.8451 INFO Inicio de sesion exitoso: 101110111, U7SCPv3qMNIdMuQ3oRhsIgoa8/FW0jrRF8gzmfvdFojvwWeJgBorX9Fq9q0GqQJVHR25U9eYwl60sVglgTAxzg==
2020-08-03 19:59:02.6334 INFO Inicio de sesion exitoso: 101110111, U7SCPv3qMNIdMuQ3oRhsIgoa8/FW0jrRF8gzmfvdFojvwWeJgBorX9Fq9q0GqQJVHR25U9eYwl60sVglgTAxzg==
2020-08-03 20:03:43.7728 INFO Inicio de sesion exitoso: 101110111, U7SCPv3qMNIdMuQ3oRhsIgoa8/FW0jrRF8gzmfvdFojvwWeJgBorX9Fq9q0GqQJVHR25U9eYwl60sVglgTAxzg==
2020-08-03 20:09:35.7441 INFO Inicio de sesion exitoso: 101110111, U7SCPv3qMNIdMuQ3oRhsIgoa8/FW0jrRF8gzmfvdFojvwWeJgBorX9Fq9q0GqQJVHR25U9eYwl60sVglgTAxzg==
2020-08-03 20:17:51.6765 INFO Inicio de sesion fallido, usuario ingresado: 101110112
2020-08-03 20:17:59.2343 INFO Inicio de sesion fallido, usuario ingresado: 101110111, contrasenna ingresada:4MIvQ7kv9H5NBETMka4/oGgbOeJDASNWnQldNqaX80WNvjcCW8C9S7wkhLATHvU4AGf2eIpEQHQPm/SWpjFNZw==
2020-08-03 20:18:05.1481 INFO Inicio de sesion exitoso: 101110111, U7SCPv3qMNIdMuQ3oRhsIgoa8/FW0jrRF8gzmfvdFojvwWeJgBorX9Fq9q0GqQJVHR25U9eYwl60sVglgTAxzg==
2020-08-03 20:20:23.3749 INFO Usuario administrador abrio conexion con la base de datos
2020-08-03 20:20:23.3839 INFO Usuario administrador cerro conexion con la base de datos
2020-08-03 20:20:33.3774 INFO Usuario administrador abrio conexion con la base de datos
2020-08-03 20:20:33.3774 INFO Usuario administrador cerro conexion con la base de datos
2020-08-03 20:20:49.6826 INFO Usuario administrador abrio conexion con la base de datos
2020-08-03 20:20:49.6826 INFO Usuario administrador cerro conexion con la base de datos
2020-08-03 20:20:59.9046 INFO Usuario administrador abrio conexion con la base de datos
2020-08-03 20:20:59.9046 INFO Usuario administrador cerro conexion con la base de datos
2020-08-03 20:22:57.6961 INFO Usuario administrador abrio conexion con la base de datos
2020-08-03 20:22:57.7081 INFO Usuario administrador cerro conexion con la base de datos
2020-08-03 20:24:16.8668 INFO Usuario administrador abrio conexion con la base de datos
2020-08-03 20:24:16.8668 INFO Usuario administrador cerro conexion con la base de datos
2020-08-03 20:24:21.1855 INFO Usuario administrador abrio conexion con la base de datos
2020-08-03 20:24:21.1975 INFO Usuario administrador cerro conexion con la base de datos
2020-08-03 20:24:51.1300 INFO Usuario administrador abrio conexion con la base de datos
2020-08-03 20:24:51.1300 INFO Usuario administrador cerro conexion con la base de datos
2020-08-03 20:24:56.9971 INFO Usuario administrador abrio conexion con la base de datos
2020-08-03 20:24:56.9971 INFO Usuario administrador cerro conexion con la base de datos
2020-08-03 20:25:27.0330 INFO Usuario administrador abrio conexion con la base de datos
2020-08-03 20:25:27.0330 INFO Usuario administrador cerro conexion con la base de datos
2020-08-03 20:25:31.8913 INFO Usuario administrador abrio conexion con la base de datos
2020-08-03 20:25:31.8943 INFO Usuario administrador cerro conexion con la base de datos
2020-08-03 20:25:34.1843 INFO Usuario administrador abrio conexion con la base de datos
2020-08-03 20:25:34.1843 INFO Usuario administrador cerro conexion con la base de datos
2020-08-03 20:25:36.0451 INFO Usuario administrador abrio conexion con la base de datos
2020-08-03 20:25:36.0451 INFO Usuario administrador cerro conexion con la base de datos
2020-08-03 20:25:40.8713 INFO Usuario administrador abrio conexion con la base de datos
2020-08-03 20:25:40.8773 INFO Usuario administrador cerro conexion con la base de datos
2020-08-03 20:25:45.8884 INFO Usuario administrador abrio conexion con la base de datos
2020-08-03 20:25:45.8884 INFO Usuario administrador cerro conexion con la base de datos
2020-08-03 20:25:47.6094 INFO Usuario administrador abrio conexion con la base de datos
2020-08-03 20:25:47.6163 INFO Usuario administrador cerro conexion con la base de datos
2020-08-03 20:25:49.4159 INFO Usuario administrador abrio conexion con la base de datos
2020-08-03 20:25:49.4159 INFO Usuario administrador cerro conexion con la base de datos
2020-08-03 20:25:55.1483 INFO Usuario administrador abrio conexion con la base de datos
2020-08-03 20:25:55.1483 INFO Usuario administrador cerro conexion con la base de datos
2020-08-03 20:26:02.0439 INFO Usuario administrador abrio conexion con la base de datos
2020-08-03 20:26:02.0439 INFO Usuario administrador cerro conexion con la base de datos
2020-08-03 20:26:03.5920 INFO Usuario administrador abrio conexion con la base de datos
2020-08-03 20:26:03.5960 INFO Usuario administrador cerro conexion con la base de datos
2020-08-03 20:26:06.0155 INFO Usuario administrador abrio conexion con la base de datos
2020-08-03 20:26:06.0196 INFO Usuario administrador cerro conexion con la base de datos
2020-08-03 20:26:19.7547 INFO Usuario administrador abrio conexion con la base de datos
2020-08-03 20:26:19.7547 INFO Usuario administrador cerro conexion con la base de datos
2020-08-03 20:26:20.9620 INFO Usuario administrador abrio conexion con la base de datos
2020-08-03 20:26:20.9620 INFO Usuario administrador cerro conexion con la base de datos
2020-08-03 20:26:23.1963 INFO Usuario administrador abrio conexion con la base de datos
2020-08-03 20:26:23.1963 INFO Usuario administrador cerro conexion con la base de datos
2020-08-03 20:26:26.9276 INFO Usuario administrador abrio conexion con la base de datos
2020-08-03 20:26:26.9276 INFO Usuario administrador cerro conexion con la base de datos
2020-08-03 20:26:31.0065 INFO Usuario administrador abrio conexion con la base de datos
2020-08-03 20:26:31.0065 INFO Usuario administrador cerro conexion con la base de datos
2020-08-03 20:26:34.7985 INFO Usuario administrador abrio conexion con la base de datos
2020-08-03 20:26:34.7995 INFO Usuario administrador cerro conexion con la base de datos
2020-08-03 20:26:36.5383 INFO Usuario administrador abrio conexion con la base de datos
2020-08-03 20:26:36.5383 INFO Usuario administrador cerro conexion con la base de datos
2020-08-03 20:26:38.1806 INFO Usuario administrador abrio conexion con la base de datos
2020-08-03 20:26:38.1806 INFO Usuario administrador cerro conexion con la base de datos
2020-08-03 20:26:49.0261 INFO Usuario administrador abrio conexion con la base de datos
2020-08-03 20:26:49.0261 INFO Usuario administrador cerro conexion con la base de datos
2020-08-03 20:26:51.3828 INFO Usuario administrador abrio conexion con la base de datos
2020-08-03 20:26:51.3828 INFO Usuario administrador cerro conexion con la base de datos
2020-08-03 20:26:53.1291 INFO Usuario administrador abrio conexion con la base de datos
2020-08-03 20:26:53.1291 INFO Usuario administrador cerro conexion con la base de datos
2020-08-03 20:27:01.2062 INFO Usuario administrador abrio conexion con la base de datos
2020-08-03 20:27:01.2062 INFO Usuario administrador cerro conexion con la base de datos
2020-08-03 20:27:08.8991 INFO Usuario administrador abrio conexion con la base de datos
2020-08-03 20:27:08.8991 INFO Usuario administrador cerro conexion con la base de datos
2020-08-03 20:27:11.4925 INFO Usuario administrador abrio conexion con la base de datos
2020-08-03 20:27:11.4925 INFO Usuario administrador cerro conexion con la base de datos
2020-08-03 20:27:13.6337 INFO Usuario administrador abrio conexion con la base de datos
2020-08-03 20:27:13.6337 INFO Usuario administrador cerro conexion con la base de datos
2020-08-03 20:27:16.2911 INFO Usuario administrador abrio conexion con la base de datos
2020-08-03 20:27:16.2911 INFO Usuario administrador cerro conexion con la base de datos
2020-08-03 20:28:03.3834 INFO Usuario administrador abrio conexion con la base de datos
2020-08-03 20:28:03.3834 INFO Usuario administrador cerro conexion con la base de datos
2020-08-03 20:28:07.6863 INFO Usuario administrador abrio conexion con la base de datos
2020-08-03 20:28:07.6893 INFO Usuario administrador cerro conexion con la base de datos
2020-08-03 20:29:32.1468 INFO Usuario administrador abrio conexion con la base de datos
2020-08-03 20:29:32.1608 INFO Usuario administrador abrio cerro con la base de datos
2020-08-03 20:29:56.2064 INFO Usuario administrador abrio conexion con la base de datos
2020-08-03 20:29:56.2064 INFO Usuario administrador abrio cerro con la base de datos
2020-08-03 20:30:00.4351 INFO Usuario administrador abrio conexion con la base de datos
2020-08-03 20:30:00.4351 INFO Usuario administrador abrio cerro con la base de datos
2020-08-03 20:30:20.1921 INFO Usuario administrador abrio conexion con la base de datos
2020-08-03 20:30:20.1921 INFO Usuario administrador cerro conexion con la base de datos
2020-08-03 20:30:30.1452 INFO Usuario administrador abrio conexion con la base de datos
2020-08-03 20:30:30.1452 INFO Usuario administrador cerro conexion con la base de datos
2020-08-03 20:32:32.1475 INFO Usuario administrador abrio conexion con la base de datos
2020-08-03 20:32:32.1475 INFO Usuario administrador cerro conexion con la base de datos
2020-08-03 20:32:42.4968 INFO Usuario administrador abrio conexion con la base de datos
2020-08-03 20:32:42.5038 INFO Usuario administrador cerro conexion con la base de datos
2020-08-03 20:32:50.3876 INFO Usuario administrador abrio conexion con la base de datos
2020-08-03 20:32:50.3876 INFO Usuario administrador cerro conexion con la base de datos
2020-08-03 20:32:53.2674 INFO Usuario administrador abrio conexion con la base de datos
2020-08-03 20:32:53.2674 INFO Usuario administrador cerro conexion con la base de datos
2020-08-03 20:32:55.9426 INFO Usuario administrador abrio conexion con la base de datos
2020-08-03 20:32:55.9426 INFO Usuario administrador cerro conexion con la base de datos
2020-08-03 20:32:59.7349 INFO Usuario administrador abrio conexion con la base de datos
2020-08-03 20:32:59.7379 INFO Usuario administrador cerro conexion con la base de datos
2020-08-03 20:33:49.8675 INFO Inicio de sesion exitoso: 202220222, 7mSUNqH6d5X1jnCNGwGLHk9kHG3jgjP/lAyjBDrv6alfod8euH1P4T3e/UKbCvWXJZRHQYYtFWdq6EJ76IaGEA==
2020-08-03 20:54:49.8563 INFO Inicio de sesion fallido, usuario ingresado: 101110112
2020-08-03 20:54:59.0655 INFO Inicio de sesion fallido, usuario ingresado: 101110111, contrasenna ingresada:w2DMzoQg+LYRgbgnYZqAFQbHgg0tSOYgc/l/s79ie6eDG1ojkiojmY5Rr4lMyP+XyXqjxM/ld85hNrHlMWzZTg==
2020-08-03 20:55:05.3014 INFO Inicio de sesion exitoso: 101110111, U7SCPv3qMNIdMuQ3oRhsIgoa8/FW0jrRF8gzmfvdFojvwWeJgBorX9Fq9q0GqQJVHR25U9eYwl60sVglgTAxzg==
2020-08-03 20:56:09.8170 INFO Usuario administrador abrio conexion con la base de datos
2020-08-03 20:56:09.8170 INFO Usuario administrador cerro conexion con la base de datos
2020-08-03 20:57:54.1432 INFO Usuario administrador abrio conexion con la base de datos
2020-08-03 20:57:54.1432 INFO Usuario administrador cerro conexion con la base de datos
2020-08-03 20:57:59.5813 INFO Usuario administrador abrio conexion con la base de datos
2020-08-03 20:57:59.5813 INFO Usuario administrador cerro conexion con la base de datos
2020-08-03 20:58:04.9929 INFO Usuario administrador abrio conexion con la base de datos
2020-08-03 20:58:05.0019 INFO Usuario administrador cerro conexion con la base de datos
2020-08-03 20:58:33.5242 INFO Usuario administrador abrio conexion con la base de datos
2020-08-03 20:58:33.5242 INFO Usuario administrador cerro conexion con la base de datos
2020-08-03 20:58:38.9318 INFO Usuario administrador abrio conexion con la base de datos
2020-08-03 20:58:38.9318 INFO Usuario administrador cerro conexion con la base de datos
2020-08-03 20:58:41.1193 INFO Usuario administrador abrio conexion con la base de datos
2020-08-03 20:58:41.1193 INFO Usuario administrador cerro conexion con la base de datos
2020-08-03 20:58:42.8048 INFO Usuario administrador abrio conexion con la base de datos
2020-08-03 20:58:42.8048 INFO Usuario administrador cerro conexion con la base de datos
2020-08-03 20:58:43.5980 INFO Usuario administrador abrio conexion con la base de datos
2020-08-03 20:58:43.5980 INFO Usuario administrador cerro conexion con la base de datos
2020-08-03 20:58:46.9777 INFO Usuario administrador abrio conexion con la base de datos
2020-08-03 20:58:46.9777 INFO Usuario administrador cerro conexion con la base de datos
2020-08-03 20:58:53.1005 INFO Usuario administrador abrio conexion con la base de datos
2020-08-03 20:58:53.1005 INFO Usuario administrador cerro conexion con la base de datos
2020-08-03 20:58:54.9703 INFO Usuario administrador abrio conexion con la base de datos
2020-08-03 20:58:54.9762 INFO Usuario administrador cerro conexion con la base de datos
2020-08-03 20:58:58.8066 INFO Usuario administrador abrio conexion con la base de datos
2020-08-03 20:58:58.8066 INFO Usuario administrador cerro conexion con la base de datos
2020-08-03 20:59:03.1951 INFO Usuario administrador abrio conexion con la base de datos
2020-08-03 20:59:03.1951 INFO Usuario administrador cerro conexion con la base de datos
2020-08-03 20:59:07.5081 INFO Usuario administrador abrio conexion con la base de datos
2020-08-03 20:59:07.5081 INFO Usuario administrador cerro conexion con la base de datos
2020-08-03 20:59:12.5058 INFO Usuario administrador abrio conexion con la base de datos
2020-08-03 20:59:12.5058 INFO Usuario administrador cerro conexion con la base de datos
2020-08-03 20:59:20.0492 INFO Usuario administrador abrio conexion con la base de datos
2020-08-03 20:59:20.0492 INFO Usuario administrador cerro conexion con la base de datos
2020-08-03 20:59:22.2670 INFO Usuario administrador abrio conexion con la base de datos
2020-08-03 20:59:22.2700 INFO Usuario administrador cerro conexion con la base de datos
2020-08-03 20:59:25.0518 INFO Usuario administrador abrio conexion con la base de datos
2020-08-03 20:59:25.0518 INFO Usuario administrador cerro conexion con la base de datos
2020-08-03 20:59:29.8226 INFO Usuario administrador abrio conexion con la base de datos
2020-08-03 20:59:29.8226 INFO Usuario administrador cerro conexion con la base de datos
2020-08-03 20:59:30.9850 INFO Usuario administrador abrio conexion con la base de datos
2020-08-03 20:59:30.9870 INFO Usuario administrador cerro conexion con la base de datos
2020-08-03 20:59:39.1925 INFO Usuario administrador abrio conexion con la base de datos
2020-08-03 20:59:39.1925 INFO Usuario administrador cerro conexion con la base de datos
2020-08-03 20:59:41.0121 INFO Usuario administrador abrio conexion con la base de datos
2020-08-03 20:59:41.0121 INFO Usuario administrador cerro conexion con la base de datos
2020-08-03 20:59:45.1760 INFO Usuario administrador abrio conexion con la base de datos
2020-08-03 20:59:45.1760 INFO Usuario administrador cerro conexion con la base de datos
2020-08-03 20:59:46.9955 INFO Usuario administrador abrio conexion con la base de datos
2020-08-03 20:59:47.0025 INFO Usuario administrador cerro conexion con la base de datos
2020-08-03 20:59:51.6485 INFO Usuario administrador abrio conexion con la base de datos
2020-08-03 20:59:51.6485 INFO Usuario administrador cerro conexion con la base de datos
2020-08-03 21:00:08.3621 INFO Usuario administrador abrio conexion con la base de datos
2020-08-03 21:00:08.3621 INFO Usuario administrador cerro conexion con la base de datos
2020-08-03 21:00:18.8448 INFO Usuario administrador abrio conexion con la base de datos
2020-08-03 21:00:18.8548 INFO Usuario administrador cerro conexion con la base de datos
2020-08-03 21:00:21.7630 INFO Usuario administrador abrio conexion con la base de datos
2020-08-03 21:00:21.7630 INFO Usuario administrador cerro conexion con la base de datos
2020-08-03 21:00:24.4545 INFO Usuario administrador abrio conexion con la base de datos
2020-08-03 21:00:24.4585 INFO Usuario administrador cerro conexion con la base de datos
2020-08-03 21:00:40.0508 INFO Usuario administrador abrio conexion con la base de datos
2020-08-03 21:00:40.0508 INFO Usuario administrador cerro conexion con la base de datos
2020-08-03 21:00:46.1551 INFO Usuario administrador abrio conexion con la base de datos
2020-08-03 21:00:46.1591 INFO Usuario administrador cerro conexion con la base de datos
2020-08-03 21:00:49.1598 INFO Usuario administrador abrio conexion con la base de datos
2020-08-03 21:00:49.1598 INFO Usuario administrador cerro conexion con la base de datos
2020-08-03 21:00:50.5271 INFO Usuario administrador abrio conexion con la base de datos
2020-08-03 21:00:50.5361 INFO Usuario administrador cerro conexion con la base de datos
2020-08-03 21:00:54.8496 INFO Usuario administrador abrio conexion con la base de datos
2020-08-03 21:00:54.8496 INFO Usuario administrador cerro conexion con la base de datos
2020-08-03 21:01:09.7253 INFO Usuario administrador abrio conexion con la base de datos
2020-08-03 21:01:09.7253 INFO Usuario administrador cerro conexion con la base de datos
2020-08-03 21:01:12.1654 INFO Usuario administrador abrio conexion con la base de datos
2020-08-03 21:01:12.1654 INFO Usuario administrador cerro conexion con la base de datos
2020-08-03 21:01:12.8646 INFO Usuario administrador abrio conexion con la base de datos
2020-08-03 21:01:12.8646 INFO Usuario administrador cerro conexion con la base de datos
2020-08-03 21:01:13.7823 INFO Usuario administrador abrio conexion con la base de datos
2020-08-03 21:01:13.7853 INFO Usuario administrador cerro conexion con la base de datos
2020-08-03 21:01:37.5703 INFO Usuario administrador abrio conexion con la base de datos
2020-08-03 21:01:37.5703 INFO Usuario administrador abrio cerro con la base de datos
2020-08-03 21:02:24.1532 INFO Usuario administrador abrio conexion con la base de datos
2020-08-03 21:02:24.1612 INFO Usuario administrador cerro conexion con la base de datos
2020-08-03 21:02:26.1329 INFO Usuario administrador abrio conexion con la base de datos
2020-08-03 21:02:26.1329 INFO Usuario administrador cerro conexion con la base de datos
2020-08-03 21:02:27.3109 INFO Usuario administrador abrio conexion con la base de datos
2020-08-03 21:02:27.3109 INFO Usuario administrador cerro conexion con la base de datos
2020-08-03 21:02:28.7643 INFO Usuario administrador abrio conexion con la base de datos
2020-08-03 21:02:28.7682 INFO Usuario administrador cerro conexion con la base de datos
2020-08-03 21:02:30.0275 INFO Usuario administrador abrio conexion con la base de datos
2020-08-03 21:02:30.0275 INFO Usuario administrador cerro conexion con la base de datos
2020-08-03 21:02:30.5244 INFO Usuario administrador abrio conexion con la base de datos
2020-08-03 21:02:30.5244 INFO Usuario administrador cerro conexion con la base de datos
2020-08-03 21:02:37.9934 INFO Usuario administrador abrio conexion con la base de datos
2020-08-03 21:02:37.9934 INFO Usuario administrador cerro conexion con la base de datos
2020-08-03 21:02:45.1002 INFO Usuario administrador abrio conexion con la base de datos
2020-08-03 21:02:45.1002 INFO Usuario administrador cerro conexion con la base de datos
2020-08-03 21:02:49.8633 INFO Usuario administrador abrio conexion con la base de datos
2020-08-03 21:02:49.8633 INFO Usuario administrador cerro conexion con la base de datos
2020-08-03 21:02:50.9149 INFO Usuario administrador abrio conexion con la base de datos
2020-08-03 21:02:50.9149 INFO Usuario administrador cerro conexion con la base de datos
2020-08-03 21:02:51.5274 INFO Usuario administrador abrio conexion con la base de datos
2020-08-03 21:02:51.5274 INFO Usuario administrador cerro conexion con la base de datos
2020-08-03 21:02:53.4996 INFO Usuario administrador abrio conexion con la base de datos
2020-08-03 21:02:53.5036 INFO Usuario administrador cerro conexion con la base de datos
2020-08-03 21:03:38.2101 INFO Inicio de sesion exitoso: 202220222, 7mSUNqH6d5X1jnCNGwGLHk9kHG3jgjP/lAyjBDrv6alfod8euH1P4T3e/UKbCvWXJZRHQYYtFWdq6EJ76IaGEA==
2020-08-03 21:04:10.1641 INFO Inicio de sesion exitoso: 303330333, LS37+EUEQDx/qjmUkSQ3b+aJvSkj6aHv9k+tUvj4YRKkH+ChuKdWsRow02q5m31IiD6VrAFVxd1hpe7GABV80w==
2020-08-03 21:04:44.4083 INFO Inicio de sesion exitoso: 101110111, U7SCPv3qMNIdMuQ3oRhsIgoa8/FW0jrRF8gzmfvdFojvwWeJgBorX9Fq9q0GqQJVHR25U9eYwl60sVglgTAxzg==
2020-08-03 21:04:57.5559 INFO Usuario administrador abrio conexion con la base de datos
2020-08-03 21:04:57.5559 INFO Usuario administrador cerro conexion con la base de datos
2020-08-03 21:05:14.9328 INFO Usuario administrador abrio conexion con la base de datos
2020-08-03 21:05:14.9328 INFO Usuario administrador cerro conexion con la base de datos
2020-08-03 21:05:23.3410 INFO Usuario administrador abrio conexion con la base de datos
2020-08-03 21:05:23.3460 INFO Usuario administrador cerro conexion con la base de datos
2020-08-03 21:05:27.6886 INFO Usuario administrador abrio conexion con la base de datos
2020-08-03 21:05:27.6926 INFO Usuario administrador cerro conexion con la base de datos
2020-08-03 21:05:46.0122 INFO Usuario administrador abrio conexion con la base de datos
2020-08-03 21:05:46.0201 INFO Usuario administrador cerro conexion con la base de datos
2020-08-03 21:05:49.1427 INFO Usuario administrador abrio conexion con la base de datos
2020-08-03 21:05:49.1427 INFO Usuario administrador cerro conexion con la base de datos
2020-08-03 21:06:03.9562 INFO Usuario administrador abrio conexion con la base de datos
2020-08-03 21:06:03.9562 INFO Usuario administrador cerro conexion con la base de datos
