2020-08-04 11:18:57.4557 INFO Inicio de sesion exitoso: 101110111, U7SCPv3qMNIdMuQ3oRhsIgoa8/FW0jrRF8gzmfvdFojvwWeJgBorX9Fq9q0GqQJVHR25U9eYwl60sVglgTAxzg==
2020-08-04 11:19:42.6938 INFO Usuario administrador abrio conexion con la base de datos
2020-08-04 11:19:42.7717 INFO Usuario administrador abrio cerro con la base de datos
2020-08-04 11:20:13.3752 INFO Usuario administrador abrio conexion con la base de datos
2020-08-04 11:24:40.6866 INFO Usuario administrador abrio cerro con la base de datos
2020-08-04 11:25:23.4089 INFO Inicio de sesion exitoso: 101110111, U7SCPv3qMNIdMuQ3oRhsIgoa8/FW0jrRF8gzmfvdFojvwWeJgBorX9Fq9q0GqQJVHR25U9eYwl60sVglgTAxzg==
2020-08-04 11:26:01.2025 INFO Usuario administrador abrio conexion con la base de datos
2020-08-04 11:38:14.9537 INFO Inicio de sesion exitoso: 101110111, U7SCPv3qMNIdMuQ3oRhsIgoa8/FW0jrRF8gzmfvdFojvwWeJgBorX9Fq9q0GqQJVHR25U9eYwl60sVglgTAxzg==
2020-08-04 11:38:41.4011 INFO Usuario administrador abrio conexion con la base de datos
2020-08-04 11:38:41.4011 INFO Usuario administrador abrio cerro con la base de datos
2020-08-04 11:39:03.7175 INFO Usuario administrador abrio conexion con la base de datos
2020-08-04 11:39:03.7175 INFO Usuario administrador abrio cerro con la base de datos
2020-08-04 11:39:34.0743 INFO Usuario administrador abrio conexion con la base de datos
2020-08-04 11:39:34.0743 INFO Usuario administrador abrio cerro con la base de datos
2020-08-04 11:40:10.8213 INFO Usuario administrador abrio conexion con la base de datos
2020-08-04 11:40:10.8213 INFO Usuario administrador abrio cerro con la base de datos
2020-08-04 11:40:42.7121 INFO Usuario administrador abrio conexion con la base de datos
2020-08-04 11:40:42.7121 INFO Usuario administrador abrio cerro con la base de datos
2020-08-04 11:41:08.6616 INFO Usuario administrador abrio conexion con la base de datos
2020-08-04 11:41:08.6616 INFO Usuario administrador abrio cerro con la base de datos
2020-08-04 11:41:22.5178 INFO Usuario administrador abrio conexion con la base de datos
2020-08-04 11:41:22.5178 INFO Usuario administrador abrio cerro con la base de datos
2020-08-04 11:41:43.4651 INFO Usuario administrador abrio conexion con la base de datos
2020-08-04 11:41:43.4651 INFO Usuario administrador abrio cerro con la base de datos
2020-08-04 11:41:46.9435 INFO Usuario administrador abrio conexion con la base de datos
2020-08-04 11:41:46.9435 INFO Usuario administrador cerro conexion con la base de datos
2020-08-04 11:41:52.3631 INFO Usuario administrador abrio conexion con la base de datos
2020-08-04 11:41:52.3781 INFO Usuario administrador cerro conexion con la base de datos
2020-08-04 11:42:36.8741 INFO Usuario administrador abrio conexion con la base de datos
2020-08-04 11:43:51.5782 INFO Inicio de sesion exitoso: 101110111, U7SCPv3qMNIdMuQ3oRhsIgoa8/FW0jrRF8gzmfvdFojvwWeJgBorX9Fq9q0GqQJVHR25U9eYwl60sVglgTAxzg==
2020-08-04 11:44:01.0364 INFO Usuario administrador abrio conexion con la base de datos
2020-08-04 11:44:01.0364 INFO Usuario administrador cerro conexion con la base de datos
2020-08-04 11:44:23.7735 INFO Usuario administrador abrio conexion con la base de datos
2020-08-04 11:44:26.9003 INFO Usuario administrador cerro conexion con la base de datos
2020-08-04 11:44:46.9204 INFO Usuario administrador abrio conexion con la base de datos
2020-08-04 11:44:46.9204 INFO Usuario administrador cerro conexion con la base de datos
2020-08-04 11:48:42.6309 INFO Inicio de sesion exitoso: 101110111, U7SCPv3qMNIdMuQ3oRhsIgoa8/FW0jrRF8gzmfvdFojvwWeJgBorX9Fq9q0GqQJVHR25U9eYwl60sVglgTAxzg==
2020-08-04 11:48:54.2669 INFO Usuario administrador abrio conexion con la base de datos
2020-08-04 11:48:54.2709 INFO Usuario administrador cerro conexion con la base de datos
2020-08-04 11:51:42.2062 INFO Inicio de sesion exitoso: 101110111, U7SCPv3qMNIdMuQ3oRhsIgoa8/FW0jrRF8gzmfvdFojvwWeJgBorX9Fq9q0GqQJVHR25U9eYwl60sVglgTAxzg==
2020-08-04 11:51:47.6970 INFO Usuario administrador abrio conexion con la base de datos
2020-08-04 11:51:47.6970 INFO Usuario administrador cerro conexion con la base de datos
2020-08-04 12:13:12.6155 INFO Inicio de sesion exitoso: 101110111, U7SCPv3qMNIdMuQ3oRhsIgoa8/FW0jrRF8gzmfvdFojvwWeJgBorX9Fq9q0GqQJVHR25U9eYwl60sVglgTAxzg==
2020-08-04 12:13:17.7761 INFO Usuario administrador abrio conexion con la base de datos
2020-08-04 12:13:17.7761 INFO Usuario administrador cerro conexion con la base de datos
2020-08-04 12:13:48.0554 INFO Usuario administrador abrio conexion con la base de datos
2020-08-04 12:13:48.0554 INFO Usuario administrador cerro conexion con la base de datos
2020-08-04 12:21:56.7706 INFO Inicio de sesion exitoso: 101110111, U7SCPv3qMNIdMuQ3oRhsIgoa8/FW0jrRF8gzmfvdFojvwWeJgBorX9Fq9q0GqQJVHR25U9eYwl60sVglgTAxzg==
2020-08-04 12:22:41.0043 INFO Usuario administrador abrio conexion con la base de datos
2020-08-04 12:22:41.0043 INFO Usuario administrador cerro conexion con la base de datos
2020-08-04 12:22:52.5155 INFO Usuario administrador abrio conexion con la base de datos
2020-08-04 12:22:52.5225 INFO Usuario administrador cerro conexion con la base de datos
2020-08-04 12:22:57.9563 INFO Usuario administrador abrio conexion con la base de datos
2020-08-04 12:22:57.9563 INFO Usuario administrador cerro conexion con la base de datos
2020-08-04 12:32:25.4123 INFO Inicio de sesion exitoso: 101110111, U7SCPv3qMNIdMuQ3oRhsIgoa8/FW0jrRF8gzmfvdFojvwWeJgBorX9Fq9q0GqQJVHR25U9eYwl60sVglgTAxzg==
2020-08-04 12:32:30.9835 INFO Usuario administrador abrio conexion con la base de datos
2020-08-04 12:32:30.9885 INFO Usuario administrador cerro conexion con la base de datos
2020-08-04 12:44:25.2879 INFO Inicio de sesion fallido, usuario ingresado: 10111011
2020-08-04 12:44:32.9331 INFO Inicio de sesion fallido, usuario ingresado: 101110111, contrasenna ingresada:WWLlDvxs81BRAmc/Y2mz94mpd4ubGUVaOqKWUXbuOjrX/z/ZMZtw5pPIwxS3WY+smHmx/0avKDaHWs6lZTwD4g==
2020-08-04 12:44:39.4655 INFO Inicio de sesion fallido, usuario ingresado: 101110111, contrasenna ingresada:m52tZoiXYoy3M8igPAnwJvxKnq1Rjlylou6th7weHLWCaH7ZrFL4kfdaX9VfdJJwuGj2EIKp4Zj+C7VW4IrBVA==
2020-08-04 12:44:46.7731 INFO Inicio de sesion exitoso: 101110111, U7SCPv3qMNIdMuQ3oRhsIgoa8/FW0jrRF8gzmfvdFojvwWeJgBorX9Fq9q0GqQJVHR25U9eYwl60sVglgTAxzg==
2020-08-04 12:45:52.0300 INFO Usuario administrador abrio conexion con la base de datos
2020-08-04 12:45:52.0409 INFO Usuario administrador cerro conexion con la base de datos
2020-08-04 12:48:31.5870 INFO Usuario administrador abrio conexion con la base de datos
2020-08-04 12:48:31.5870 INFO Usuario administrador cerro conexion con la base de datos
2020-08-04 12:48:35.2327 INFO Usuario administrador abrio conexion con la base de datos
2020-08-04 12:48:35.2327 INFO Usuario administrador cerro conexion con la base de datos
2020-08-04 12:48:38.3998 INFO Usuario administrador abrio conexion con la base de datos
2020-08-04 12:48:38.3998 INFO Usuario administrador cerro conexion con la base de datos
2020-08-04 12:49:17.7427 INFO Usuario administrador abrio conexion con la base de datos
2020-08-04 12:49:17.7427 INFO Usuario administrador cerro conexion con la base de datos
2020-08-04 12:50:07.8211 INFO Usuario administrador abrio conexion con la base de datos
2020-08-04 12:50:07.8619 INFO Usuario administrador cerro conexion con la base de datos
2020-08-04 12:50:09.9772 INFO Usuario administrador abrio conexion con la base de datos
2020-08-04 12:50:09.9772 INFO Usuario administrador cerro conexion con la base de datos
2020-08-04 12:50:12.4625 INFO Usuario administrador abrio conexion con la base de datos
2020-08-04 12:50:12.4625 INFO Usuario administrador cerro conexion con la base de datos
2020-08-04 12:50:16.6489 INFO Usuario administrador abrio conexion con la base de datos
2020-08-04 12:50:16.6775 INFO Usuario administrador cerro conexion con la base de datos
2020-08-04 12:50:20.8000 INFO Usuario administrador abrio conexion con la base de datos
2020-08-04 12:50:20.8159 INFO Usuario administrador cerro conexion con la base de datos
2020-08-04 12:50:22.0927 INFO Usuario administrador abrio conexion con la base de datos
2020-08-04 12:50:22.0927 INFO Usuario administrador cerro conexion con la base de datos
2020-08-04 12:50:23.6194 INFO Usuario administrador abrio conexion con la base de datos
2020-08-04 12:50:23.6194 INFO Usuario administrador cerro conexion con la base de datos
2020-08-04 12:50:27.0308 INFO Usuario administrador abrio conexion con la base de datos
2020-08-04 12:50:27.0358 INFO Usuario administrador cerro conexion con la base de datos
2020-08-04 12:50:34.1805 INFO Usuario administrador abrio conexion con la base de datos
2020-08-04 12:50:34.2085 INFO Usuario administrador cerro conexion con la base de datos
2020-08-04 12:50:37.6648 INFO Usuario administrador abrio conexion con la base de datos
2020-08-04 12:50:37.6648 INFO Usuario administrador cerro conexion con la base de datos
2020-08-04 12:50:39.2241 INFO Usuario administrador abrio conexion con la base de datos
2020-08-04 12:50:39.2241 INFO Usuario administrador cerro conexion con la base de datos
2020-08-04 12:50:41.2774 INFO Usuario administrador abrio conexion con la base de datos
2020-08-04 12:50:41.2843 INFO Usuario administrador cerro conexion con la base de datos
2020-08-04 12:50:43.2375 INFO Usuario administrador abrio conexion con la base de datos
2020-08-04 12:50:43.2375 INFO Usuario administrador cerro conexion con la base de datos
2020-08-04 12:50:43.9603 INFO Usuario administrador abrio conexion con la base de datos
2020-08-04 12:50:43.9603 INFO Usuario administrador cerro conexion con la base de datos
2020-08-04 12:50:48.5134 INFO Usuario administrador abrio conexion con la base de datos
2020-08-04 12:50:48.5134 INFO Usuario administrador cerro conexion con la base de datos
2020-08-04 12:50:49.4259 INFO Usuario administrador abrio conexion con la base de datos
2020-08-04 12:50:49.4259 INFO Usuario administrador cerro conexion con la base de datos
2020-08-04 12:50:53.4952 INFO Usuario administrador abrio conexion con la base de datos
2020-08-04 12:50:53.4952 INFO Usuario administrador cerro conexion con la base de datos
2020-08-04 12:50:54.0617 INFO Usuario administrador abrio conexion con la base de datos
2020-08-04 12:50:54.0647 INFO Usuario administrador cerro conexion con la base de datos
2020-08-04 12:50:59.7696 INFO Usuario administrador abrio conexion con la base de datos
2020-08-04 12:50:59.7696 INFO Usuario administrador cerro conexion con la base de datos
2020-08-04 12:51:00.4555 INFO Usuario administrador abrio conexion con la base de datos
2020-08-04 12:51:00.4555 INFO Usuario administrador cerro conexion con la base de datos
2020-08-04 12:51:03.4678 INFO Usuario administrador abrio conexion con la base de datos
2020-08-04 12:51:03.4678 INFO Usuario administrador cerro conexion con la base de datos
2020-08-04 12:51:04.1682 INFO Usuario administrador abrio conexion con la base de datos
2020-08-04 12:51:04.1682 INFO Usuario administrador cerro conexion con la base de datos
2020-08-04 12:51:09.2517 INFO Usuario administrador abrio conexion con la base de datos
2020-08-04 12:51:09.2517 INFO Usuario administrador cerro conexion con la base de datos
2020-08-04 12:51:10.8369 INFO Usuario administrador abrio conexion con la base de datos
2020-08-04 12:51:10.8369 INFO Usuario administrador cerro conexion con la base de datos
2020-08-04 12:51:12.1651 INFO Usuario administrador abrio conexion con la base de datos
2020-08-04 12:51:12.1651 INFO Usuario administrador cerro conexion con la base de datos
2020-08-04 12:51:16.1686 INFO Usuario administrador abrio conexion con la base de datos
2020-08-04 12:51:16.1775 INFO Usuario administrador cerro conexion con la base de datos
2020-08-04 12:51:17.3758 INFO Usuario administrador abrio conexion con la base de datos
2020-08-04 12:51:17.3778 INFO Usuario administrador cerro conexion con la base de datos
2020-08-04 12:51:19.5710 INFO Usuario administrador abrio conexion con la base de datos
2020-08-04 12:51:19.5710 INFO Usuario administrador cerro conexion con la base de datos
2020-08-04 12:51:20.5693 INFO Usuario administrador abrio conexion con la base de datos
2020-08-04 12:51:20.5693 INFO Usuario administrador cerro conexion con la base de datos
2020-08-04 12:51:28.5888 INFO Usuario administrador abrio conexion con la base de datos
2020-08-04 12:51:28.6058 INFO Usuario administrador cerro conexion con la base de datos
2020-08-04 12:51:30.1166 INFO Usuario administrador abrio conexion con la base de datos
2020-08-04 12:51:30.1166 INFO Usuario administrador cerro conexion con la base de datos
2020-08-04 12:51:31.4056 INFO Usuario administrador abrio conexion con la base de datos
2020-08-04 12:51:31.4106 INFO Usuario administrador cerro conexion con la base de datos
2020-08-04 12:51:41.0241 INFO Usuario administrador abrio conexion con la base de datos
2020-08-04 12:51:41.0241 INFO Usuario administrador cerro conexion con la base de datos
2020-08-04 12:51:46.3324 INFO Usuario administrador abrio conexion con la base de datos
2020-08-04 12:51:46.3324 INFO Usuario administrador cerro conexion con la base de datos
2020-08-04 12:51:52.7384 INFO Usuario administrador abrio conexion con la base de datos
2020-08-04 12:51:52.7534 INFO Usuario administrador cerro conexion con la base de datos
2020-08-04 12:51:53.9292 INFO Usuario administrador abrio conexion con la base de datos
2020-08-04 12:51:53.9292 INFO Usuario administrador cerro conexion con la base de datos
2020-08-04 12:51:55.1269 INFO Usuario administrador abrio conexion con la base de datos
2020-08-04 12:51:55.1269 INFO Usuario administrador cerro conexion con la base de datos
2020-08-04 12:51:59.1066 INFO Usuario administrador abrio conexion con la base de datos
2020-08-04 12:51:59.1209 INFO Usuario administrador cerro conexion con la base de datos
2020-08-04 12:52:00.4536 INFO Usuario administrador abrio conexion con la base de datos
2020-08-04 12:52:00.4536 INFO Usuario administrador cerro conexion con la base de datos
2020-08-04 12:52:02.2427 INFO Usuario administrador abrio conexion con la base de datos
2020-08-04 12:52:02.2427 INFO Usuario administrador cerro conexion con la base de datos
2020-08-04 12:52:02.7876 INFO Usuario administrador abrio conexion con la base de datos
2020-08-04 12:52:02.7876 INFO Usuario administrador cerro conexion con la base de datos
2020-08-04 12:52:06.6291 INFO Usuario administrador abrio conexion con la base de datos
2020-08-04 12:52:06.6291 INFO Usuario administrador cerro conexion con la base de datos
2020-08-04 12:52:07.4043 INFO Usuario administrador abrio conexion con la base de datos
2020-08-04 12:52:07.4043 INFO Usuario administrador cerro conexion con la base de datos
2020-08-04 12:52:20.1700 INFO Usuario administrador abrio conexion con la base de datos
2020-08-04 12:52:20.1899 INFO Usuario administrador abrio cerro con la base de datos
2020-08-04 12:52:21.5003 INFO Usuario administrador abrio conexion con la base de datos
2020-08-04 12:52:21.5023 INFO Usuario administrador cerro conexion con la base de datos
2020-08-04 12:52:27.0476 INFO Usuario administrador abrio conexion con la base de datos
2020-08-04 12:52:27.0495 INFO Usuario administrador cerro conexion con la base de datos
2020-08-04 12:52:28.6057 INFO Usuario administrador abrio conexion con la base de datos
2020-08-04 12:52:28.6057 INFO Usuario administrador cerro conexion con la base de datos
2020-08-04 12:52:37.8592 INFO Usuario administrador abrio conexion con la base de datos
2020-08-04 12:52:37.8632 INFO Usuario administrador cerro conexion con la base de datos
2020-08-04 12:52:38.8703 INFO Usuario administrador abrio conexion con la base de datos
2020-08-04 12:52:38.8703 INFO Usuario administrador cerro conexion con la base de datos
2020-08-04 12:52:39.5574 INFO Usuario administrador abrio conexion con la base de datos
2020-08-04 12:52:39.5574 INFO Usuario administrador cerro conexion con la base de datos
2020-08-04 12:52:49.9914 INFO Usuario administrador abrio conexion con la base de datos
2020-08-04 12:52:50.0073 INFO Usuario administrador cerro conexion con la base de datos
2020-08-04 12:52:51.3459 INFO Usuario administrador abrio conexion con la base de datos
2020-08-04 12:52:51.3459 INFO Usuario administrador cerro conexion con la base de datos
2020-08-04 12:52:54.1543 INFO Usuario administrador abrio conexion con la base de datos
2020-08-04 12:52:54.1583 INFO Usuario administrador cerro conexion con la base de datos
2020-08-04 12:53:03.7805 INFO Usuario administrador abrio conexion con la base de datos
2020-08-04 12:53:03.7845 INFO Usuario administrador cerro conexion con la base de datos
2020-08-04 12:53:04.8972 INFO Usuario administrador abrio conexion con la base de datos
2020-08-04 12:53:04.8972 INFO Usuario administrador cerro conexion con la base de datos
2020-08-04 12:53:05.6184 INFO Usuario administrador abrio conexion con la base de datos
2020-08-04 12:53:05.6184 INFO Usuario administrador cerro conexion con la base de datos
2020-08-04 12:53:11.8983 INFO Usuario administrador abrio conexion con la base de datos
2020-08-04 12:53:12.0031 INFO Usuario administrador cerro conexion con la base de datos
2020-08-04 12:53:15.2208 INFO Usuario administrador abrio conexion con la base de datos
2020-08-04 12:53:15.2208 INFO Usuario administrador cerro conexion con la base de datos
2020-08-04 12:53:18.2710 INFO Usuario administrador abrio conexion con la base de datos
2020-08-04 12:53:18.2710 INFO Usuario administrador cerro conexion con la base de datos
2020-08-04 12:53:22.2487 INFO Usuario administrador abrio conexion con la base de datos
2020-08-04 12:53:22.2568 INFO Usuario administrador cerro conexion con la base de datos
2020-08-04 12:53:23.0212 INFO Usuario administrador abrio conexion con la base de datos
2020-08-04 12:53:23.0212 INFO Usuario administrador cerro conexion con la base de datos
2020-08-04 12:53:23.7368 INFO Usuario administrador abrio conexion con la base de datos
2020-08-04 12:53:23.7368 INFO Usuario administrador cerro conexion con la base de datos
2020-08-04 12:54:28.7844 INFO Inicio de sesion exitoso: 202220222, 7mSUNqH6d5X1jnCNGwGLHk9kHG3jgjP/lAyjBDrv6alfod8euH1P4T3e/UKbCvWXJZRHQYYtFWdq6EJ76IaGEA==
2020-08-04 12:54:58.6382 INFO Inicio de sesion exitoso: 303330333, LS37+EUEQDx/qjmUkSQ3b+aJvSkj6aHv9k+tUvj4YRKkH+ChuKdWsRow02q5m31IiD6VrAFVxd1hpe7GABV80w==
2020-08-04 12:55:26.0156 INFO Inicio de sesion exitoso: 101110111, U7SCPv3qMNIdMuQ3oRhsIgoa8/FW0jrRF8gzmfvdFojvwWeJgBorX9Fq9q0GqQJVHR25U9eYwl60sVglgTAxzg==
2020-08-04 12:55:44.9377 INFO Inicio de sesion exitoso: 101110111, U7SCPv3qMNIdMuQ3oRhsIgoa8/FW0jrRF8gzmfvdFojvwWeJgBorX9Fq9q0GqQJVHR25U9eYwl60sVglgTAxzg==
2020-08-04 12:56:02.4533 INFO Inicio de sesion exitoso: 101110111, U7SCPv3qMNIdMuQ3oRhsIgoa8/FW0jrRF8gzmfvdFojvwWeJgBorX9Fq9q0GqQJVHR25U9eYwl60sVglgTAxzg==
2020-08-04 12:56:14.1577 INFO Inicio de sesion exitoso: 101110111, U7SCPv3qMNIdMuQ3oRhsIgoa8/FW0jrRF8gzmfvdFojvwWeJgBorX9Fq9q0GqQJVHR25U9eYwl60sVglgTAxzg==
2020-08-04 12:56:23.7470 INFO Inicio de sesion exitoso: 101110111, U7SCPv3qMNIdMuQ3oRhsIgoa8/FW0jrRF8gzmfvdFojvwWeJgBorX9Fq9q0GqQJVHR25U9eYwl60sVglgTAxzg==
2020-08-04 19:57:50.1693 INFO Inicio de sesion exitoso: 101110111, U7SCPv3qMNIdMuQ3oRhsIgoa8/FW0jrRF8gzmfvdFojvwWeJgBorX9Fq9q0GqQJVHR25U9eYwl60sVglgTAxzg==
2020-08-04 19:58:43.1687 INFO Usuario administrador abrio conexion con la base de datos
2020-08-04 19:58:48.9272 INFO Usuario administrador cerro conexion con la base de datos
2020-08-04 19:59:00.1100 INFO Usuario administrador abrio conexion con la base de datos
2020-08-04 19:59:45.1777 INFO Usuario administrador cerro conexion con la base de datos
2020-08-04 19:59:55.1711 INFO Usuario administrador abrio conexion con la base de datos
2020-08-04 20:03:10.7768 INFO Usuario administrador cerro conexion con la base de datos
2020-08-04 20:03:22.9971 INFO Usuario administrador abrio conexion con la base de datos
2020-08-04 20:03:31.2336 INFO Usuario administrador cerro conexion con la base de datos
2020-08-04 20:39:53.6205 INFO Inicio de sesion exitoso: 101110111, U7SCPv3qMNIdMuQ3oRhsIgoa8/FW0jrRF8gzmfvdFojvwWeJgBorX9Fq9q0GqQJVHR25U9eYwl60sVglgTAxzg==
2020-08-04 20:40:02.2258 INFO Usuario administrador abrio conexion con la base de datos
2020-08-04 20:40:02.2258 INFO Usuario administrador cerro conexion con la base de datos
2020-08-04 20:44:48.5361 INFO Inicio de sesion exitoso: 101110111, U7SCPv3qMNIdMuQ3oRhsIgoa8/FW0jrRF8gzmfvdFojvwWeJgBorX9Fq9q0GqQJVHR25U9eYwl60sVglgTAxzg==
2020-08-04 20:44:56.5628 INFO Usuario administrador abrio conexion con la base de datos
2020-08-04 20:44:56.5691 INFO Usuario administrador cerro conexion con la base de datos
2020-08-04 20:47:59.1856 INFO Inicio de sesion exitoso: 101110111, U7SCPv3qMNIdMuQ3oRhsIgoa8/FW0jrRF8gzmfvdFojvwWeJgBorX9Fq9q0GqQJVHR25U9eYwl60sVglgTAxzg==
2020-08-04 20:48:03.4630 INFO Usuario administrador abrio conexion con la base de datos
2020-08-04 20:48:03.4630 INFO Usuario administrador cerro conexion con la base de datos
2020-08-04 20:49:12.2201 INFO Usuario administrador abrio conexion con la base de datos
2020-08-04 20:49:12.2250 INFO Usuario administrador cerro conexion con la base de datos
2020-08-04 20:49:58.9703 INFO Inicio de sesion fallido, usuario ingresado: 101110111, contrasenna ingresada:4MIvQ7kv9H5NBETMka4/oGgbOeJDASNWnQldNqaX80WNvjcCW8C9S7wkhLATHvU4AGf2eIpEQHQPm/SWpjFNZw==
2020-08-04 20:50:00.6861 INFO Inicio de sesion exitoso: 101110111, U7SCPv3qMNIdMuQ3oRhsIgoa8/FW0jrRF8gzmfvdFojvwWeJgBorX9Fq9q0GqQJVHR25U9eYwl60sVglgTAxzg==
2020-08-04 20:50:06.5778 INFO Usuario administrador abrio conexion con la base de datos
2020-08-04 20:50:06.5837 INFO Usuario administrador cerro conexion con la base de datos
2020-08-04 20:55:36.5187 INFO Inicio de sesion exitoso: 101110111, U7SCPv3qMNIdMuQ3oRhsIgoa8/FW0jrRF8gzmfvdFojvwWeJgBorX9Fq9q0GqQJVHR25U9eYwl60sVglgTAxzg==
2020-08-04 20:55:43.8517 INFO Usuario administrador abrio conexion con la base de datos
2020-08-04 20:55:43.8517 INFO Usuario administrador cerro conexion con la base de datos
2020-08-04 21:05:18.8972 INFO Inicio de sesion exitoso: 101110111, U7SCPv3qMNIdMuQ3oRhsIgoa8/FW0jrRF8gzmfvdFojvwWeJgBorX9Fq9q0GqQJVHR25U9eYwl60sVglgTAxzg==
2020-08-04 21:05:24.9428 INFO Usuario administrador abrio conexion con la base de datos
2020-08-04 21:05:24.9677 INFO Usuario administrador cerro conexion con la base de datos
2020-08-04 21:06:02.2670 INFO Usuario administrador abrio conexion con la base de datos
2020-08-04 21:06:02.2760 INFO Usuario administrador cerro conexion con la base de datos
2020-08-04 21:06:07.6681 INFO Usuario administrador abrio conexion con la base de datos
2020-08-04 21:06:07.6821 INFO Usuario administrador cerro conexion con la base de datos
2020-08-04 21:07:52.0440 INFO Usuario administrador abrio conexion con la base de datos
2020-08-04 21:07:52.0440 INFO Usuario administrador cerro conexion con la base de datos
2020-08-04 21:08:09.3242 INFO Usuario administrador abrio conexion con la base de datos
2020-08-04 21:08:09.3242 INFO Usuario administrador cerro conexion con la base de datos
2020-08-04 21:08:13.9912 INFO Usuario administrador abrio conexion con la base de datos
2020-08-04 21:08:14.0151 INFO Usuario administrador cerro conexion con la base de datos
2020-08-04 21:08:33.6609 INFO Usuario administrador abrio conexion con la base de datos
2020-08-04 21:08:33.6609 INFO Usuario administrador cerro conexion con la base de datos
2020-08-04 21:11:42.6607 INFO Inicio de sesion exitoso: 101110111, U7SCPv3qMNIdMuQ3oRhsIgoa8/FW0jrRF8gzmfvdFojvwWeJgBorX9Fq9q0GqQJVHR25U9eYwl60sVglgTAxzg==
2020-08-04 21:11:48.4869 INFO Usuario administrador abrio conexion con la base de datos
2020-08-04 21:11:48.5079 INFO Usuario administrador cerro conexion con la base de datos
2020-08-04 21:12:02.9290 INFO Usuario administrador abrio conexion con la base de datos
2020-08-04 21:12:02.9490 INFO Usuario administrador cerro conexion con la base de datos
2020-08-04 21:12:14.2334 INFO Usuario administrador abrio conexion con la base de datos
2020-08-04 21:12:14.2384 INFO Usuario administrador cerro conexion con la base de datos
2020-08-04 21:20:40.0190 INFO Inicio de sesion exitoso: 101110111, U7SCPv3qMNIdMuQ3oRhsIgoa8/FW0jrRF8gzmfvdFojvwWeJgBorX9Fq9q0GqQJVHR25U9eYwl60sVglgTAxzg==
2020-08-04 21:20:59.1810 INFO Usuario administrador abrio conexion con la base de datos
2020-08-04 21:20:59.2099 INFO Usuario administrador cerro conexion con la base de datos
2020-08-04 21:21:14.1429 INFO Usuario administrador abrio conexion con la base de datos
2020-08-04 21:21:14.1429 INFO Usuario administrador cerro conexion con la base de datos
2020-08-04 21:42:25.2229 INFO Inicio de sesion exitoso: 101110111, U7SCPv3qMNIdMuQ3oRhsIgoa8/FW0jrRF8gzmfvdFojvwWeJgBorX9Fq9q0GqQJVHR25U9eYwl60sVglgTAxzg==
2020-08-04 21:43:20.5447 INFO Usuario administrador abrio conexion con la base de datos
2020-08-04 21:43:20.5517 INFO Usuario administrador cerro conexion con la base de datos
2020-08-04 21:43:46.6101 INFO Usuario administrador abrio conexion con la base de datos
2020-08-04 21:43:46.6201 INFO Usuario administrador cerro conexion con la base de datos
2020-08-04 21:47:44.1002 INFO Usuario administrador abrio conexion con la base de datos
2020-08-04 21:47:44.1002 INFO Usuario administrador cerro conexion con la base de datos
2020-08-04 21:47:48.6062 INFO Usuario administrador abrio conexion con la base de datos
2020-08-04 21:47:48.6062 INFO Usuario administrador cerro conexion con la base de datos
2020-08-04 21:47:55.5611 INFO Usuario administrador abrio conexion con la base de datos
2020-08-04 21:47:55.5690 INFO Usuario administrador cerro conexion con la base de datos
2020-08-04 21:48:37.4476 INFO Usuario administrador abrio conexion con la base de datos
2020-08-04 21:48:37.4476 INFO Usuario administrador cerro conexion con la base de datos
2020-08-04 21:49:01.5790 INFO Usuario administrador abrio conexion con la base de datos
2020-08-04 21:49:01.5840 INFO Usuario administrador cerro conexion con la base de datos
2020-08-04 21:49:03.9472 INFO Usuario administrador abrio conexion con la base de datos
2020-08-04 21:49:03.9472 INFO Usuario administrador cerro conexion con la base de datos
2020-08-04 21:49:05.4597 INFO Usuario administrador abrio conexion con la base de datos
2020-08-04 21:49:05.4597 INFO Usuario administrador cerro conexion con la base de datos
2020-08-04 21:49:07.6402 INFO Usuario administrador abrio conexion con la base de datos
2020-08-04 21:49:07.6452 INFO Usuario administrador cerro conexion con la base de datos
2020-08-04 21:49:17.9587 INFO Usuario administrador abrio conexion con la base de datos
2020-08-04 21:49:17.9587 INFO Usuario administrador cerro conexion con la base de datos
2020-08-04 21:49:19.0522 INFO Usuario administrador abrio conexion con la base de datos
2020-08-04 21:49:19.0522 INFO Usuario administrador cerro conexion con la base de datos
2020-08-04 21:49:20.8042 INFO Usuario administrador abrio conexion con la base de datos
2020-08-04 21:49:20.8042 INFO Usuario administrador cerro conexion con la base de datos
2020-08-04 21:49:22.3619 INFO Usuario administrador abrio conexion con la base de datos
2020-08-04 21:49:22.3619 INFO Usuario administrador cerro conexion con la base de datos
2020-08-04 21:49:29.7030 INFO Usuario administrador abrio conexion con la base de datos
2020-08-04 21:49:29.7060 INFO Usuario administrador cerro conexion con la base de datos
2020-08-04 21:49:31.5254 INFO Usuario administrador abrio conexion con la base de datos
2020-08-04 21:49:31.5254 INFO Usuario administrador cerro conexion con la base de datos
2020-08-04 21:49:32.8640 INFO Usuario administrador abrio conexion con la base de datos
2020-08-04 21:49:32.8640 INFO Usuario administrador cerro conexion con la base de datos
2020-08-04 21:49:34.4465 INFO Usuario administrador abrio conexion con la base de datos
2020-08-04 21:49:34.4465 INFO Usuario administrador cerro conexion con la base de datos
2020-08-04 21:49:41.2936 INFO Usuario administrador abrio conexion con la base de datos
2020-08-04 21:49:41.2996 INFO Usuario administrador cerro conexion con la base de datos
2020-08-04 21:49:42.2149 INFO Usuario administrador abrio conexion con la base de datos
2020-08-04 21:49:42.2149 INFO Usuario administrador cerro conexion con la base de datos
2020-08-04 21:49:43.2465 INFO Usuario administrador abrio conexion con la base de datos
2020-08-04 21:49:43.2465 INFO Usuario administrador cerro conexion con la base de datos
2020-08-04 21:49:45.8399 INFO Usuario administrador abrio conexion con la base de datos
2020-08-04 21:49:45.8399 INFO Usuario administrador cerro conexion con la base de datos
2020-08-04 21:49:51.1811 INFO Usuario administrador abrio conexion con la base de datos
2020-08-04 21:49:51.1811 INFO Usuario administrador cerro conexion con la base de datos
2020-08-04 21:49:51.9286 INFO Usuario administrador abrio conexion con la base de datos
2020-08-04 21:49:51.9286 INFO Usuario administrador cerro conexion con la base de datos
2020-08-04 21:49:54.8850 INFO Usuario administrador abrio conexion con la base de datos
2020-08-04 21:49:54.8850 INFO Usuario administrador cerro conexion con la base de datos
2020-08-04 21:49:55.5350 INFO Usuario administrador abrio conexion con la base de datos
2020-08-04 21:49:55.5350 INFO Usuario administrador cerro conexion con la base de datos
2020-08-04 21:50:00.5421 INFO Usuario administrador abrio conexion con la base de datos
2020-08-04 21:50:00.5421 INFO Usuario administrador cerro conexion con la base de datos
2020-08-04 21:50:01.7901 INFO Usuario administrador abrio conexion con la base de datos
2020-08-04 21:50:01.7901 INFO Usuario administrador cerro conexion con la base de datos
2020-08-04 21:50:06.1728 INFO Usuario administrador abrio conexion con la base de datos
2020-08-04 21:50:06.1757 INFO Usuario administrador cerro conexion con la base de datos
2020-08-04 21:50:06.9112 INFO Usuario administrador abrio conexion con la base de datos
2020-08-04 21:50:06.9112 INFO Usuario administrador cerro conexion con la base de datos
2020-08-04 21:50:12.4600 INFO Usuario administrador abrio conexion con la base de datos
2020-08-04 21:50:12.4600 INFO Usuario administrador cerro conexion con la base de datos
2020-08-04 21:50:13.3897 INFO Usuario administrador abrio conexion con la base de datos
2020-08-04 21:50:13.3897 INFO Usuario administrador cerro conexion con la base de datos
2020-08-04 21:50:15.0673 INFO Usuario administrador abrio conexion con la base de datos
2020-08-04 21:50:15.0673 INFO Usuario administrador cerro conexion con la base de datos
2020-08-04 21:50:17.4691 INFO Usuario administrador abrio conexion con la base de datos
2020-08-04 21:50:17.4731 INFO Usuario administrador cerro conexion con la base de datos
2020-08-04 21:50:22.0712 INFO Usuario administrador abrio conexion con la base de datos
2020-08-04 21:50:22.0712 INFO Usuario administrador cerro conexion con la base de datos
2020-08-04 21:50:24.0603 INFO Usuario administrador abrio conexion con la base de datos
2020-08-04 21:50:24.0603 INFO Usuario administrador cerro conexion con la base de datos
2020-08-04 21:50:25.2865 INFO Usuario administrador abrio conexion con la base de datos
2020-08-04 21:50:25.2865 INFO Usuario administrador cerro conexion con la base de datos
2020-08-04 21:50:37.6493 INFO Usuario administrador abrio conexion con la base de datos
2020-08-04 21:50:37.6493 INFO Usuario administrador cerro conexion con la base de datos
2020-08-04 21:50:38.8330 INFO Usuario administrador abrio conexion con la base de datos
2020-08-04 21:50:38.8330 INFO Usuario administrador cerro conexion con la base de datos
2020-08-04 21:50:39.9816 INFO Usuario administrador abrio conexion con la base de datos
2020-08-04 21:50:39.9896 INFO Usuario administrador cerro conexion con la base de datos
2020-08-04 21:50:41.8255 INFO Usuario administrador abrio conexion con la base de datos
2020-08-04 21:50:41.8305 INFO Usuario administrador cerro conexion con la base de datos
2020-08-04 21:50:43.8500 INFO Usuario administrador abrio conexion con la base de datos
2020-08-04 21:50:43.8500 INFO Usuario administrador cerro conexion con la base de datos
2020-08-04 21:50:44.5239 INFO Usuario administrador abrio conexion con la base de datos
2020-08-04 21:50:44.5239 INFO Usuario administrador cerro conexion con la base de datos
2020-08-04 21:51:01.5845 INFO Usuario administrador abrio conexion con la base de datos
2020-08-04 21:51:01.5845 INFO Usuario administrador abrio cerro con la base de datos
2020-08-04 21:51:08.0889 INFO Usuario administrador abrio conexion con la base de datos
2020-08-04 21:51:08.0889 INFO Usuario administrador cerro conexion con la base de datos
2020-08-04 21:51:09.2767 INFO Usuario administrador abrio conexion con la base de datos
2020-08-04 21:51:09.2767 INFO Usuario administrador cerro conexion con la base de datos
2020-08-04 21:51:11.4157 INFO Usuario administrador abrio conexion con la base de datos
2020-08-04 21:51:11.4157 INFO Usuario administrador cerro conexion con la base de datos
2020-08-04 21:51:12.6358 INFO Usuario administrador abrio conexion con la base de datos
2020-08-04 21:51:12.6358 INFO Usuario administrador cerro conexion con la base de datos
2020-08-04 21:51:14.2353 INFO Usuario administrador abrio conexion con la base de datos
2020-08-04 21:51:14.2373 INFO Usuario administrador cerro conexion con la base de datos
2020-08-04 21:51:15.0741 INFO Usuario administrador abrio conexion con la base de datos
2020-08-04 21:51:15.0741 INFO Usuario administrador cerro conexion con la base de datos
2020-08-04 21:51:23.5093 INFO Usuario administrador abrio conexion con la base de datos
2020-08-04 21:51:23.5093 INFO Usuario administrador cerro conexion con la base de datos
2020-08-04 21:51:35.3490 INFO Usuario administrador abrio conexion con la base de datos
2020-08-04 21:51:35.3490 INFO Usuario administrador cerro conexion con la base de datos
2020-08-04 21:51:37.2803 INFO Usuario administrador abrio conexion con la base de datos
2020-08-04 21:51:37.2842 INFO Usuario administrador cerro conexion con la base de datos
2020-08-04 21:51:39.3663 INFO Usuario administrador abrio conexion con la base de datos
2020-08-04 21:51:39.3663 INFO Usuario administrador cerro conexion con la base de datos
2020-08-04 21:51:46.2782 INFO Usuario administrador abrio conexion con la base de datos
2020-08-04 21:51:46.2842 INFO Usuario administrador cerro conexion con la base de datos
2020-08-04 21:51:55.2014 INFO Usuario administrador abrio conexion con la base de datos
2020-08-04 21:51:55.2053 INFO Usuario administrador cerro conexion con la base de datos
2020-08-04 21:51:57.7672 INFO Usuario administrador abrio conexion con la base de datos
2020-08-04 21:51:57.7692 INFO Usuario administrador cerro conexion con la base de datos
2020-08-04 21:52:00.6796 INFO Usuario administrador abrio conexion con la base de datos
2020-08-04 21:52:00.6796 INFO Usuario administrador cerro conexion con la base de datos
2020-08-04 21:52:02.9320 INFO Usuario administrador abrio conexion con la base de datos
2020-08-04 21:52:02.9320 INFO Usuario administrador cerro conexion con la base de datos
2020-08-04 21:52:03.5795 INFO Usuario administrador abrio conexion con la base de datos
2020-08-04 21:52:03.5835 INFO Usuario administrador cerro conexion con la base de datos
2020-08-04 21:52:16.0555 INFO Usuario administrador abrio conexion con la base de datos
2020-08-04 21:52:16.0555 INFO Usuario administrador cerro conexion con la base de datos
2020-08-04 21:52:17.2998 INFO Usuario administrador abrio conexion con la base de datos
2020-08-04 21:52:17.2998 INFO Usuario administrador cerro conexion con la base de datos
2020-08-04 21:52:19.1581 INFO Usuario administrador abrio conexion con la base de datos
2020-08-04 21:52:19.1581 INFO Usuario administrador cerro conexion con la base de datos
2020-08-04 21:52:21.0353 INFO Usuario administrador abrio conexion con la base de datos
2020-08-04 21:52:21.0353 INFO Usuario administrador cerro conexion con la base de datos
2020-08-04 21:52:24.9915 INFO Usuario administrador abrio conexion con la base de datos
2020-08-04 21:52:24.9915 INFO Usuario administrador cerro conexion con la base de datos
2020-08-04 21:52:27.3255 INFO Usuario administrador abrio conexion con la base de datos
2020-08-04 21:52:27.3255 INFO Usuario administrador cerro conexion con la base de datos
2020-08-04 21:52:32.9397 INFO Usuario administrador abrio conexion con la base de datos
2020-08-04 21:52:32.9397 INFO Usuario administrador cerro conexion con la base de datos
2020-08-04 21:52:37.1238 INFO Usuario administrador abrio conexion con la base de datos
2020-08-04 21:52:37.1238 INFO Usuario administrador cerro conexion con la base de datos
2020-08-04 21:52:38.1900 INFO Usuario administrador abrio conexion con la base de datos
2020-08-04 21:52:38.1900 INFO Usuario administrador cerro conexion con la base de datos
2020-08-04 21:52:40.0752 INFO Usuario administrador abrio conexion con la base de datos
2020-08-04 21:52:40.0752 INFO Usuario administrador cerro conexion con la base de datos
2020-08-04 21:52:41.4518 INFO Usuario administrador abrio conexion con la base de datos
2020-08-04 21:52:41.4518 INFO Usuario administrador cerro conexion con la base de datos
2020-08-04 21:52:42.4102 INFO Usuario administrador abrio conexion con la base de datos
2020-08-04 21:52:42.4102 INFO Usuario administrador cerro conexion con la base de datos
2020-08-04 21:52:45.1558 INFO Usuario administrador abrio conexion con la base de datos
2020-08-04 21:52:45.1558 INFO Usuario administrador cerro conexion con la base de datos
2020-08-04 21:55:09.9980 INFO Inicio de sesion exitoso: 202220222, 7mSUNqH6d5X1jnCNGwGLHk9kHG3jgjP/lAyjBDrv6alfod8euH1P4T3e/UKbCvWXJZRHQYYtFWdq6EJ76IaGEA==
2020-08-04 21:55:42.9628 INFO Inicio de sesion exitoso: 303330333, LS37+EUEQDx/qjmUkSQ3b+aJvSkj6aHv9k+tUvj4YRKkH+ChuKdWsRow02q5m31IiD6VrAFVxd1hpe7GABV80w==
2020-08-04 21:56:07.5061 INFO Inicio de sesion exitoso: 808880888, J61p8rt+VSTOPjcRCkZn5y1BTdRl3qjCek7YjyezE44Fot7ZemwPlL0U2ZLFaYDQJM2HqNOrBf9FB2kxSRluMg==
2020-08-04 21:56:37.3619 INFO Inicio de sesion fallido, usuario ingresado: 101110111, contrasenna ingresada:w2DMzoQg+LYRgbgnYZqAFQbHgg0tSOYgc/l/s79ie6eDG1ojkiojmY5Rr4lMyP+XyXqjxM/ld85hNrHlMWzZTg==
2020-08-04 21:56:42.9838 INFO Inicio de sesion fallido, usuario ingresado: 10111011
2020-08-04 22:35:00.2189 INFO Inicio de sesion fallido, usuario ingresado: 10111011
2020-08-04 22:35:07.7856 INFO Inicio de sesion fallido, usuario ingresado: 101110111, contrasenna ingresada:4MIvQ7kv9H5NBETMka4/oGgbOeJDASNWnQldNqaX80WNvjcCW8C9S7wkhLATHvU4AGf2eIpEQHQPm/SWpjFNZw==
2020-08-04 22:35:13.7531 INFO Inicio de sesion exitoso: 101110111, U7SCPv3qMNIdMuQ3oRhsIgoa8/FW0jrRF8gzmfvdFojvwWeJgBorX9Fq9q0GqQJVHR25U9eYwl60sVglgTAxzg==
2020-08-04 22:36:42.7085 INFO Usuario administrador abrio conexion con la base de datos
2020-08-04 22:36:42.7085 INFO Usuario administrador cerro conexion con la base de datos
2020-08-04 22:36:49.5430 INFO Usuario administrador abrio conexion con la base de datos
2020-08-04 22:36:49.5490 INFO Usuario administrador cerro conexion con la base de datos
2020-08-04 22:36:53.6120 INFO Usuario administrador abrio conexion con la base de datos
2020-08-04 22:36:53.6120 INFO Usuario administrador cerro conexion con la base de datos
2020-08-04 22:36:57.2860 INFO Usuario administrador abrio conexion con la base de datos
2020-08-04 22:36:57.2860 INFO Usuario administrador cerro conexion con la base de datos
2020-08-04 22:38:35.0328 INFO Usuario administrador abrio conexion con la base de datos
2020-08-04 22:38:35.0388 INFO Usuario administrador cerro conexion con la base de datos
2020-08-04 22:38:39.4274 INFO Usuario administrador abrio conexion con la base de datos
2020-08-04 22:38:39.4274 INFO Usuario administrador cerro conexion con la base de datos
2020-08-04 22:38:55.4520 INFO Usuario administrador abrio conexion con la base de datos
2020-08-04 22:38:55.4520 INFO Usuario administrador cerro conexion con la base de datos
2020-08-04 22:39:01.4035 INFO Usuario administrador abrio conexion con la base de datos
2020-08-04 22:39:01.4035 INFO Usuario administrador cerro conexion con la base de datos
2020-08-04 22:41:29.4974 INFO Usuario administrador abrio conexion con la base de datos
2020-08-04 22:41:29.5044 INFO Usuario administrador cerro conexion con la base de datos
2020-08-04 22:41:33.7392 INFO Usuario administrador abrio conexion con la base de datos
2020-08-04 22:41:33.7392 INFO Usuario administrador cerro conexion con la base de datos
2020-08-04 22:41:38.1346 INFO Usuario administrador abrio conexion con la base de datos
2020-08-04 22:41:38.1426 INFO Usuario administrador cerro conexion con la base de datos
2020-08-04 22:42:42.0676 INFO Usuario administrador abrio conexion con la base de datos
2020-08-04 22:42:42.0676 INFO Usuario administrador cerro conexion con la base de datos
2020-08-04 22:42:43.2428 INFO Usuario administrador abrio conexion con la base de datos
2020-08-04 22:42:43.2428 INFO Usuario administrador cerro conexion con la base de datos
2020-08-04 22:42:44.8147 INFO Usuario administrador abrio conexion con la base de datos
2020-08-04 22:42:44.8147 INFO Usuario administrador cerro conexion con la base de datos
2020-08-04 22:44:00.1552 INFO Usuario administrador abrio conexion con la base de datos
2020-08-04 22:44:00.1591 INFO Usuario administrador cerro conexion con la base de datos
2020-08-04 22:44:01.8317 INFO Usuario administrador abrio conexion con la base de datos
2020-08-04 22:44:01.8317 INFO Usuario administrador cerro conexion con la base de datos
2020-08-04 22:45:17.6106 INFO Inicio de sesion exitoso: 101110111, U7SCPv3qMNIdMuQ3oRhsIgoa8/FW0jrRF8gzmfvdFojvwWeJgBorX9Fq9q0GqQJVHR25U9eYwl60sVglgTAxzg==
2020-08-04 22:45:52.5683 INFO Inicio de sesion exitoso: 101110111, U7SCPv3qMNIdMuQ3oRhsIgoa8/FW0jrRF8gzmfvdFojvwWeJgBorX9Fq9q0GqQJVHR25U9eYwl60sVglgTAxzg==
2020-08-04 22:46:08.4079 INFO Usuario administrador abrio conexion con la base de datos
2020-08-04 22:46:08.4139 INFO Usuario administrador cerro conexion con la base de datos
2020-08-04 22:48:17.0709 INFO Inicio de sesion exitoso: 101110111, U7SCPv3qMNIdMuQ3oRhsIgoa8/FW0jrRF8gzmfvdFojvwWeJgBorX9Fq9q0GqQJVHR25U9eYwl60sVglgTAxzg==
2020-08-04 22:50:51.8866 INFO Inicio de sesion fallido, usuario ingresado: 10111011
2020-08-04 22:50:58.4470 INFO Inicio de sesion fallido, usuario ingresado: 101110111, contrasenna ingresada:c9m4HYf8oseQyddDYsW0sCa8GsFlWRyvbpm8q2xItGUZ50wKF8/O6WmXlrhMK3nTA4tOUBhr47PL0ervAEY9Cg==
2020-08-04 22:51:17.9392 INFO Inicio de sesion exitoso: 101110111, U7SCPv3qMNIdMuQ3oRhsIgoa8/FW0jrRF8gzmfvdFojvwWeJgBorX9Fq9q0GqQJVHR25U9eYwl60sVglgTAxzg==
2020-08-04 22:52:04.3143 INFO Usuario administrador abrio conexion con la base de datos
2020-08-04 22:52:04.3143 INFO Usuario administrador cerro conexion con la base de datos
2020-08-04 22:53:35.6905 INFO Usuario administrador abrio conexion con la base de datos
2020-08-04 22:53:35.6905 INFO Usuario administrador cerro conexion con la base de datos
2020-08-04 22:53:39.9132 INFO Usuario administrador abrio conexion con la base de datos
2020-08-04 22:53:39.9132 INFO Usuario administrador cerro conexion con la base de datos
2020-08-04 22:53:44.7086 INFO Usuario administrador abrio conexion con la base de datos
2020-08-04 22:53:44.7086 INFO Usuario administrador cerro conexion con la base de datos
2020-08-04 22:54:18.3933 INFO Usuario administrador abrio conexion con la base de datos
2020-08-04 22:54:18.3933 INFO Usuario administrador cerro conexion con la base de datos
2020-08-04 22:54:27.3284 INFO Usuario administrador abrio conexion con la base de datos
2020-08-04 22:54:27.3344 INFO Usuario administrador cerro conexion con la base de datos
2020-08-04 22:54:28.5862 INFO Usuario administrador abrio conexion con la base de datos
2020-08-04 22:54:28.5862 INFO Usuario administrador cerro conexion con la base de datos
2020-08-04 22:54:30.6098 INFO Usuario administrador abrio conexion con la base de datos
2020-08-04 22:54:30.6158 INFO Usuario administrador cerro conexion con la base de datos
2020-08-04 22:54:32.3456 INFO Usuario administrador abrio conexion con la base de datos
2020-08-04 22:54:32.3456 INFO Usuario administrador cerro conexion con la base de datos
2020-08-04 22:54:32.8661 INFO Usuario administrador abrio conexion con la base de datos
2020-08-04 22:54:32.8661 INFO Usuario administrador cerro conexion con la base de datos
2020-08-04 22:54:34.5846 INFO Usuario administrador abrio conexion con la base de datos
2020-08-04 22:54:34.5846 INFO Usuario administrador cerro conexion con la base de datos
2020-08-04 22:54:44.2158 INFO Usuario administrador abrio conexion con la base de datos
2020-08-04 22:54:44.2158 INFO Usuario administrador cerro conexion con la base de datos
2020-08-04 22:54:45.2910 INFO Usuario administrador abrio conexion con la base de datos
2020-08-04 22:54:45.2910 INFO Usuario administrador cerro conexion con la base de datos
2020-08-04 22:54:46.4784 INFO Usuario administrador abrio conexion con la base de datos
2020-08-04 22:54:46.4784 INFO Usuario administrador cerro conexion con la base de datos
2020-08-04 22:54:50.7940 INFO Usuario administrador abrio conexion con la base de datos
2020-08-04 22:54:50.7990 INFO Usuario administrador cerro conexion con la base de datos
2020-08-04 22:54:52.6730 INFO Usuario administrador abrio conexion con la base de datos
2020-08-04 22:54:52.6750 INFO Usuario administrador cerro conexion con la base de datos
2020-08-04 22:54:53.2570 INFO Usuario administrador abrio conexion con la base de datos
2020-08-04 22:54:53.2570 INFO Usuario administrador cerro conexion con la base de datos
2020-08-04 22:54:59.1339 INFO Usuario administrador abrio conexion con la base de datos
2020-08-04 22:54:59.1339 INFO Usuario administrador cerro conexion con la base de datos
2020-08-04 22:55:00.2871 INFO Usuario administrador abrio conexion con la base de datos
2020-08-04 22:55:00.2871 INFO Usuario administrador cerro conexion con la base de datos
2020-08-04 22:55:02.3283 INFO Usuario administrador abrio conexion con la base de datos
2020-08-04 22:55:02.3313 INFO Usuario administrador cerro conexion con la base de datos
2020-08-04 22:56:21.2876 INFO Inicio de sesion fallido, usuario ingresado: 10111011
2020-08-04 22:56:25.0638 INFO Inicio de sesion fallido, usuario ingresado: 10111011
2020-08-04 22:56:32.9733 INFO Inicio de sesion exitoso: 101110111, U7SCPv3qMNIdMuQ3oRhsIgoa8/FW0jrRF8gzmfvdFojvwWeJgBorX9Fq9q0GqQJVHR25U9eYwl60sVglgTAxzg==
2020-08-04 22:57:11.1178 INFO Usuario administrador abrio conexion con la base de datos
2020-08-04 22:57:11.1178 INFO Usuario administrador cerro conexion con la base de datos
2020-08-04 22:57:24.7441 INFO Usuario administrador abrio conexion con la base de datos
2020-08-04 22:57:24.7441 INFO Usuario administrador cerro conexion con la base de datos
2020-08-04 22:59:17.3098 INFO Usuario administrador abrio conexion con la base de datos
2020-08-04 22:59:17.3098 INFO Usuario administrador cerro conexion con la base de datos
2020-08-04 22:59:18.7936 INFO Usuario administrador abrio conexion con la base de datos
2020-08-04 22:59:18.7936 INFO Usuario administrador cerro conexion con la base de datos
2020-08-04 22:59:20.9276 INFO Usuario administrador abrio conexion con la base de datos
2020-08-04 22:59:20.9276 INFO Usuario administrador cerro conexion con la base de datos
2020-08-04 22:59:23.4006 INFO Usuario administrador abrio conexion con la base de datos
2020-08-04 22:59:23.4096 INFO Usuario administrador cerro conexion con la base de datos
2020-08-04 22:59:25.2571 INFO Usuario administrador abrio conexion con la base de datos
2020-08-04 22:59:25.2571 INFO Usuario administrador cerro conexion con la base de datos
2020-08-04 22:59:25.9143 INFO Usuario administrador abrio conexion con la base de datos
2020-08-04 22:59:25.9143 INFO Usuario administrador cerro conexion con la base de datos
2020-08-04 22:59:30.0496 INFO Usuario administrador abrio conexion con la base de datos
2020-08-04 22:59:30.0496 INFO Usuario administrador cerro conexion con la base de datos
2020-08-04 22:59:31.4177 INFO Usuario administrador abrio conexion con la base de datos
2020-08-04 22:59:31.4177 INFO Usuario administrador cerro conexion con la base de datos
2020-08-04 22:59:32.9317 INFO Usuario administrador abrio conexion con la base de datos
2020-08-04 22:59:32.9317 INFO Usuario administrador cerro conexion con la base de datos
2020-08-04 22:59:34.6719 INFO Usuario administrador abrio conexion con la base de datos
2020-08-04 22:59:34.6799 INFO Usuario administrador cerro conexion con la base de datos
2020-08-04 22:59:36.3439 INFO Usuario administrador abrio conexion con la base de datos
2020-08-04 22:59:36.3459 INFO Usuario administrador cerro conexion con la base de datos
2020-08-04 22:59:36.9576 INFO Usuario administrador abrio conexion con la base de datos
2020-08-04 22:59:36.9576 INFO Usuario administrador cerro conexion con la base de datos
2020-08-04 22:59:41.8487 INFO Usuario administrador abrio conexion con la base de datos
2020-08-04 22:59:41.8487 INFO Usuario administrador cerro conexion con la base de datos
2020-08-04 22:59:44.3215 INFO Usuario administrador abrio conexion con la base de datos
2020-08-04 22:59:44.3215 INFO Usuario administrador cerro conexion con la base de datos
2020-08-04 22:59:45.3678 INFO Usuario administrador abrio conexion con la base de datos
2020-08-04 22:59:45.3678 INFO Usuario administrador cerro conexion con la base de datos
2020-08-04 22:59:47.0306 INFO Usuario administrador abrio conexion con la base de datos
2020-08-04 22:59:47.0306 INFO Usuario administrador cerro conexion con la base de datos
2020-08-04 22:59:49.0666 INFO Usuario administrador abrio conexion con la base de datos
2020-08-04 22:59:49.0666 INFO Usuario administrador cerro conexion con la base de datos
2020-08-04 22:59:49.7625 INFO Usuario administrador abrio conexion con la base de datos
2020-08-04 22:59:49.7625 INFO Usuario administrador cerro conexion con la base de datos
2020-08-04 22:59:59.1418 INFO Usuario administrador abrio conexion con la base de datos
2020-08-04 22:59:59.1467 INFO Usuario administrador cerro conexion con la base de datos
2020-08-04 23:00:00.1236 INFO Usuario administrador abrio conexion con la base de datos
2020-08-04 23:00:00.1236 INFO Usuario administrador cerro conexion con la base de datos
2020-08-04 23:00:01.4175 INFO Usuario administrador abrio conexion con la base de datos
2020-08-04 23:00:01.4175 INFO Usuario administrador cerro conexion con la base de datos
2020-08-04 23:00:02.9182 INFO Usuario administrador abrio conexion con la base de datos
2020-08-04 23:00:02.9242 INFO Usuario administrador cerro conexion con la base de datos
2020-08-04 23:00:04.5496 INFO Usuario administrador abrio conexion con la base de datos
2020-08-04 23:00:04.5496 INFO Usuario administrador cerro conexion con la base de datos
2020-08-04 23:00:05.2871 INFO Usuario administrador abrio conexion con la base de datos
2020-08-04 23:00:05.2871 INFO Usuario administrador cerro conexion con la base de datos
2020-08-04 23:00:10.3534 INFO Usuario administrador abrio conexion con la base de datos
2020-08-04 23:00:10.3534 INFO Usuario administrador cerro conexion con la base de datos
2020-08-04 23:00:13.2654 INFO Usuario administrador abrio conexion con la base de datos
2020-08-04 23:00:13.2674 INFO Usuario administrador cerro conexion con la base de datos
2020-08-04 23:00:14.9264 INFO Usuario administrador abrio conexion con la base de datos
2020-08-04 23:00:14.9264 INFO Usuario administrador cerro conexion con la base de datos
2020-08-04 23:00:16.4950 INFO Usuario administrador abrio conexion con la base de datos
2020-08-04 23:00:16.5020 INFO Usuario administrador cerro conexion con la base de datos
2020-08-04 23:00:18.3682 INFO Usuario administrador abrio conexion con la base de datos
2020-08-04 23:00:18.3682 INFO Usuario administrador cerro conexion con la base de datos
2020-08-04 23:00:19.1576 INFO Usuario administrador abrio conexion con la base de datos
2020-08-04 23:00:19.1585 INFO Usuario administrador cerro conexion con la base de datos
2020-08-04 23:00:25.6995 INFO Usuario administrador abrio conexion con la base de datos
2020-08-04 23:00:25.6995 INFO Usuario administrador cerro conexion con la base de datos
2020-08-04 23:00:28.0332 INFO Usuario administrador abrio conexion con la base de datos
2020-08-04 23:00:28.0332 INFO Usuario administrador cerro conexion con la base de datos
2020-08-04 23:00:29.6161 INFO Usuario administrador abrio conexion con la base de datos
2020-08-04 23:00:29.6161 INFO Usuario administrador cerro conexion con la base de datos
2020-08-04 23:00:32.8021 INFO Usuario administrador abrio conexion con la base de datos
2020-08-04 23:00:32.8021 INFO Usuario administrador cerro conexion con la base de datos
2020-08-04 23:00:35.3804 INFO Usuario administrador abrio conexion con la base de datos
2020-08-04 23:00:35.3804 INFO Usuario administrador cerro conexion con la base de datos
2020-08-04 23:00:36.1130 INFO Usuario administrador abrio conexion con la base de datos
2020-08-04 23:00:36.1130 INFO Usuario administrador cerro conexion con la base de datos
2020-08-04 23:00:47.0389 INFO Usuario administrador abrio conexion con la base de datos
2020-08-04 23:00:47.0389 INFO Usuario administrador abrio cerro con la base de datos
2020-08-04 23:00:50.7754 INFO Usuario administrador abrio conexion con la base de datos
2020-08-04 23:00:50.7754 INFO Usuario administrador cerro conexion con la base de datos
2020-08-04 23:00:52.4686 INFO Usuario administrador abrio conexion con la base de datos
2020-08-04 23:00:52.4716 INFO Usuario administrador cerro conexion con la base de datos
2020-08-04 23:00:54.4055 INFO Usuario administrador abrio conexion con la base de datos
2020-08-04 23:00:54.4055 INFO Usuario administrador cerro conexion con la base de datos
2020-08-04 23:00:55.0943 INFO Usuario administrador abrio conexion con la base de datos
2020-08-04 23:00:55.0972 INFO Usuario administrador cerro conexion con la base de datos
2020-08-04 23:01:01.5204 INFO Usuario administrador abrio conexion con la base de datos
2020-08-04 23:01:01.5204 INFO Usuario administrador cerro conexion con la base de datos
2020-08-04 23:01:02.6780 INFO Usuario administrador abrio conexion con la base de datos
2020-08-04 23:01:02.6780 INFO Usuario administrador cerro conexion con la base de datos
2020-08-04 23:01:04.4928 INFO Usuario administrador abrio conexion con la base de datos
2020-08-04 23:01:04.4928 INFO Usuario administrador cerro conexion con la base de datos
2020-08-04 23:01:06.2298 INFO Usuario administrador abrio conexion con la base de datos
2020-08-04 23:01:06.2298 INFO Usuario administrador cerro conexion con la base de datos
2020-08-04 23:01:08.0713 INFO Usuario administrador abrio conexion con la base de datos
2020-08-04 23:01:08.0713 INFO Usuario administrador cerro conexion con la base de datos
2020-08-04 23:01:08.7107 INFO Usuario administrador abrio conexion con la base de datos
2020-08-04 23:01:08.7107 INFO Usuario administrador cerro conexion con la base de datos
2020-08-04 23:01:14.0051 INFO Usuario administrador abrio conexion con la base de datos
2020-08-04 23:01:14.0051 INFO Usuario administrador cerro conexion con la base de datos
2020-08-04 23:01:16.1857 INFO Usuario administrador abrio conexion con la base de datos
2020-08-04 23:01:16.1857 INFO Usuario administrador cerro conexion con la base de datos
2020-08-04 23:01:17.8328 INFO Usuario administrador abrio conexion con la base de datos
2020-08-04 23:01:17.8328 INFO Usuario administrador cerro conexion con la base de datos
2020-08-04 23:01:19.9424 INFO Usuario administrador abrio conexion con la base de datos
2020-08-04 23:01:19.9424 INFO Usuario administrador cerro conexion con la base de datos
2020-08-04 23:01:20.5743 INFO Usuario administrador abrio conexion con la base de datos
2020-08-04 23:01:20.5743 INFO Usuario administrador cerro conexion con la base de datos
2020-08-04 23:01:22.6142 INFO Usuario administrador abrio conexion con la base de datos
2020-08-04 23:01:22.6142 INFO Usuario administrador cerro conexion con la base de datos
2020-08-04 23:03:05.3422 INFO Inicio de sesion exitoso: 202220222, 7mSUNqH6d5X1jnCNGwGLHk9kHG3jgjP/lAyjBDrv6alfod8euH1P4T3e/UKbCvWXJZRHQYYtFWdq6EJ76IaGEA==
2020-08-04 23:03:28.9836 INFO Inicio de sesion exitoso: 303330333, LS37+EUEQDx/qjmUkSQ3b+aJvSkj6aHv9k+tUvj4YRKkH+ChuKdWsRow02q5m31IiD6VrAFVxd1hpe7GABV80w==
2020-08-04 23:03:57.1489 INFO Inicio de sesion exitoso: 808880888, J61p8rt+VSTOPjcRCkZn5y1BTdRl3qjCek7YjyezE44Fot7ZemwPlL0U2ZLFaYDQJM2HqNOrBf9FB2kxSRluMg==
